# JRE version: OpenJDK Runtime Environment Temurin-17.0.1+12 (17.0.1+12) (build 17.0.1+12)
# Java VM: OpenJDK 64-Bit Server VM Temurin-17.0.1+12 (17.0.1+12, mixed mode, tiered, compressed oops, compressed class ptrs, g1 gc, windows-amd64)
GC Precious Log:
 CPUs: 8 total, 8 available
 Memory: 7872M
 Large Page Support: Disabled
 NUMA Support: Disabled
 Compressed Oops: Enabled (32-bit)
 Heap Region Size: 1M
 Heap Min Capacity: 8M
 Heap Initial Capacity: 124M
 Heap Max Capacity: 1970M
 Pre-touch: Disabled
 Parallel Workers: 8
 Concurrent Workers: 2
 Concurrent Refinement Workers: 8
 Periodic GC: Disabled
Heap:
 garbage-first heap   total 87040K, used 46640K [0x0000000084e00000, 0x0000000100000000)
  region size 1024K, 10 young (10240K), 1 survivors (1024K)
 Metaspace       used 67292K, committed 67712K, reserved 1114112K
  class space    used 8494K, committed 8704K, reserved 1048576K
GC Heap History (20 events):
Event: 14.595 GC heap before
{Heap before GC invocations=18 (full 0):
 garbage-first heap   total 58368K, used 43379K [0x0000000084e00000, 0x0000000100000000)
  region size 1024K, 18 young (18432K), 4 survivors (4096K)
 Metaspace       used 64537K, committed 64896K, reserved 1105920K
  class space    used 8209K, committed 8384K, reserved 1048576K
}
Event: 14.605 GC heap after
{Heap after GC invocations=19 (full 0):
 garbage-first heap   total 58368K, used 33086K [0x0000000084e00000, 0x0000000100000000)
  region size 1024K, 3 young (3072K), 3 survivors (3072K)
 Metaspace       used 64537K, committed 64896K, reserved 1105920K
  class space    used 8209K, committed 8384K, reserved 1048576K
}
Event: 14.733 GC heap before
{Heap before GC invocations=20 (full 0):
 garbage-first heap   total 60416K, used 40254K [0x0000000084e00000, 0x0000000100000000)
  region size 1024K, 11 young (11264K), 3 survivors (3072K)
 Metaspace       used 64592K, committed 64960K, reserved 1105920K
  class space    used 8213K, committed 8384K, reserved 1048576K
}
Event: 14.740 GC heap after
{Heap after GC invocations=21 (full 0):
 garbage-first heap   total 60416K, used 35322K [0x0000000084e00000, 0x0000000100000000)
  region size 1024K, 2 young (2048K), 2 survivors (2048K)
 Metaspace       used 64592K, committed 64960K, reserved 1105920K
  class space    used 8213K, committed 8384K, reserved 1048576K
}
Event: 14.856 GC heap before
{Heap before GC invocations=21 (full 0):
 garbage-first heap   total 75776K, used 47610K [0x0000000084e00000, 0x0000000100000000)
  region size 1024K, 13 young (13312K), 2 survivors (2048K)
 Metaspace       used 64632K, committed 65024K, reserved 1105920K
  class space    used 8213K, committed 8384K, reserved 1048576K
}
Event: 14.860 GC heap after
{Heap after GC invocations=22 (full 0):
 garbage-first heap   total 75776K, used 37422K [0x0000000084e00000, 0x0000000100000000)
  region size 1024K, 2 young (2048K), 2 survivors (2048K)
 Metaspace       used 64632K, committed 65024K, reserved 1105920K
  class space    used 8213K, committed 8384K, reserved 1048576K
}
Event: 15.068 GC heap before
{Heap before GC invocations=23 (full 0):
 garbage-first heap   total 75776K, used 53806K [0x0000000084e00000, 0x0000000100000000)
  region size 1024K, 20 young (20480K), 2 survivors (2048K)
 Metaspace       used 64650K, committed 65024K, reserved 1105920K
  class space    used 8213K, committed 8384K, reserved 1048576K
}
Event: 15.078 GC heap after
{Heap after GC invocations=24 (full 0):
 garbage-first heap   total 75776K, used 42471K [0x0000000084e00000, 0x0000000100000000)
  region size 1024K, 3 young (3072K), 3 survivors (3072K)
 Metaspace       used 64650K, committed 65024K, reserved 1105920K
  class space    used 8213K, committed 8384K, reserved 1048576K
}
Event: 15.214 GC heap before
{Heap before GC invocations=25 (full 0):
 garbage-first heap   total 87040K, used 56807K [0x0000000084e00000, 0x0000000100000000)
  region size 1024K, 17 young (17408K), 3 survivors (3072K)
 Metaspace       used 64651K, committed 65024K, reserved 1105920K
  class space    used 8213K, committed 8384K, reserved 1048576K
}
Event: 15.220 GC heap after
{Heap after GC invocations=26 (full 0):
 garbage-first heap   total 87040K, used 44926K [0x0000000084e00000, 0x0000000100000000)
  region size 1024K, 3 young (3072K), 3 survivors (3072K)
 Metaspace       used 64651K, committed 65024K, reserved 1105920K
  class space    used 8213K, committed 8384K, reserved 1048576K
}
Event: 15.234 GC heap before
{Heap before GC invocations=26 (full 0):
 garbage-first heap   total 87040K, used 45950K [0x0000000084e00000, 0x0000000100000000)
  region size 1024K, 4 young (4096K), 3 survivors (3072K)
 Metaspace       used 64651K, committed 65024K, reserved 1105920K
  class space    used 8213K, committed 8384K, reserved 1048576K
}
Event: 15.237 GC heap after
{Heap after GC invocations=27 (full 0):
 garbage-first heap   total 87040K, used 40429K [0x0000000084e00000, 0x0000000100000000)
  region size 1024K, 1 young (1024K), 1 survivors (1024K)
 Metaspace       used 64651K, committed 65024K, reserved 1105920K
  class space    used 8213K, committed 8384K, reserved 1048576K
}
Event: 15.693 GC heap before
{Heap before GC invocations=27 (full 0):
 garbage-first heap   total 87040K, used 62957K [0x0000000084e00000, 0x0000000100000000)
  region size 1024K, 23 young (23552K), 1 survivors (1024K)
 Metaspace       used 65546K, committed 65920K, reserved 1114112K
  class space    used 8328K, committed 8512K, reserved 1048576K
}
Event: 15.702 GC heap after
{Heap after GC invocations=28 (full 0):
 garbage-first heap   total 87040K, used 45168K [0x0000000084e00000, 0x0000000100000000)
  region size 1024K, 3 young (3072K), 3 survivors (3072K)
 Metaspace       used 65546K, committed 65920K, reserved 1114112K
  class space    used 8328K, committed 8512K, reserved 1048576K
}
Event: 1793.961 GC heap before
{Heap before GC invocations=29 (full 0):
 garbage-first heap   total 87040K, used 61552K [0x0000000084e00000, 0x0000000100000000)
  region size 1024K, 22 young (22528K), 3 survivors (3072K)
 Metaspace       used 67071K, committed 67520K, reserved 1114112K
  class space    used 8494K, committed 8704K, reserved 1048576K
}
Event: 1793.977 GC heap after
{Heap after GC invocations=30 (full 0):
 garbage-first heap   total 87040K, used 43478K [0x0000000084e00000, 0x0000000100000000)
  region size 1024K, 2 young (2048K), 2 survivors (2048K)
 Metaspace       used 67071K, committed 67520K, reserved 1114112K
  class space    used 8494K, committed 8704K, reserved 1048576K
}
Event: 1796.851 GC heap before
{Heap before GC invocations=30 (full 0):
 garbage-first heap   total 87040K, used 45526K [0x0000000084e00000, 0x0000000100000000)
  region size 1024K, 4 young (4096K), 2 survivors (2048K)
 Metaspace       used 67078K, committed 67520K, reserved 1114112K
  class space    used 8494K, committed 8704K, reserved 1048576K
}
Event: 1796.858 GC heap after
{Heap after GC invocations=31 (full 0):
 garbage-first heap   total 87040K, used 38028K [0x0000000084e00000, 0x0000000100000000)
  region size 1024K, 1 young (1024K), 1 survivors (1024K)
 Metaspace       used 67078K, committed 67520K, reserved 1114112K
  class space    used 8494K, committed 8704K, reserved 1048576K
}
Event: 8338.810 GC heap before
{Heap before GC invocations=31 (full 0):
 garbage-first heap   total 87040K, used 63628K [0x0000000084e00000, 0x0000000100000000)
  region size 1024K, 26 young (26624K), 1 survivors (1024K)
 Metaspace       used 67272K, committed 67712K, reserved 1114112K
  class space    used 8494K, committed 8704K, reserved 1048576K
}
Event: 8338.874 GC heap after
{Heap after GC invocations=32 (full 0):
 garbage-first heap   total 87040K, used 38448K [0x0000000084e00000, 0x0000000100000000)
  region size 1024K, 1 young (1024K), 1 survivors (1024K)
 Metaspace       used 67272K, committed 67712K, reserved 1114112K
  class space    used 8494K, committed 8704K, reserved 1048576K
}

